{"level":"info","message":"Server running in development mode on port 3000","timestamp":"2025-12-10 08:53:57"}
{"level":"info","message":"API endpoint: http://localhost:3000/api/flowchart","timestamp":"2025-12-10 08:53:57"}
{"exchange":"moirai.topic.vpn.delete","filename":"flowchart","level":"info","message":"API request to generate flowchart","timestamp":"2025-12-10 08:54:15"}
{"level":"info","message":"Starting flowchart generation for exchange: moirai.topic.vpn.delete","timestamp":"2025-12-10 08:54:15"}
{"level":"info","message":"Found 105 files in ./json","timestamp":"2025-12-10 08:54:15"}
{"level":"info","message":"Successfully read 105 JSON files","timestamp":"2025-12-10 08:54:15"}
{"level":"info","message":"Searching for exchange: moirai.topic.vpn.delete","timestamp":"2025-12-10 08:54:15"}
{"level":"info","message":"Found 17 matches for exchange: moirai.topic.vpn.delete","timestamp":"2025-12-10 08:54:15"}
{"level":"info","message":"Results saved to: output/flowchart.json","timestamp":"2025-12-10 08:54:15"}
{"level":"info","message":"Mermaid diagram generated: output/flowchart.mmd","timestamp":"2025-12-10 08:54:15"}
{"error":"Command failed: mmdc -i \"output/flowchart.mmd\" -o \"output/flowchart.svg\"\n\nError: Failed to launch the browser process!\n[1210/085415.420321:FATAL:zygote_host_impl_linux.cc(127)] No usable sandbox! Update your kernel or see https://chromium.googlesource.com/chromium/src/+/main/docs/linux/suid_sandbox_development.md for more information on developing with the SUID sandbox. If you want to live dangerously and need an immediate workaround, you can try using --no-sandbox.\n#0 0x6381b7643f72 base::debug::CollectStackTrace()\n#1 0x6381b76304b3 base::debug::StackTrace::StackTrace()\n#2 0x6381b7582fbf logging::LogMessage::~LogMessage()\n#3 0x6381b5d9fc16 content::ZygoteHostImpl::Init()\n#4 0x6381b6ad9b23 content::ContentMainRunnerImpl::Initialize()\n#5 0x6381b6ad7427 content::RunContentProcess()\n#6 0x6381b6ad7606 content::ContentMain()\n#7 0x6381b70c11fa headless::HeadlessShellMain()\n#8 0x6381b31f8255 ChromeMain\n#9 0x74e08ec2a1ca (/usr/lib/x86_64-linux-gnu/libc.so.6+0x2a1c9)\n#10 0x74e08ec2a28b __libc_start_main\n#11 0x6381b31f802a _start\n\n\n\nTROUBLESHOOTING: https://pptr.dev/troubleshooting\n\n    at Interface.onClose (file:///home/cesar/js/etcd/node_modules/@puppeteer/browsers/lib/esm/launch.js:253:24)\n    at Interface.emit (node:events:532:35)\n    at Interface.close (node:internal/readline/interface:527:10)\n    at Socket.onend (node:internal/readline/interface:253:10)\n    at Socket.emit (node:events:532:35)\n    at endReadableNT (node:internal/streams/readable:1696:12)\n    at process.processTicksAndRejections (node:internal/process/task_queues:90:21)\n\n","level":"error","message":"Error generating SVG","timestamp":"2025-12-10 08:54:15"}
{"error":"Failed to generate SVG: Command failed: mmdc -i \"output/flowchart.mmd\" -o \"output/flowchart.svg\"\n\nError: Failed to launch the browser process!\n[1210/085415.420321:FATAL:zygote_host_impl_linux.cc(127)] No usable sandbox! Update your kernel or see https://chromium.googlesource.com/chromium/src/+/main/docs/linux/suid_sandbox_development.md for more information on developing with the SUID sandbox. If you want to live dangerously and need an immediate workaround, you can try using --no-sandbox.\n#0 0x6381b7643f72 base::debug::CollectStackTrace()\n#1 0x6381b76304b3 base::debug::StackTrace::StackTrace()\n#2 0x6381b7582fbf logging::LogMessage::~LogMessage()\n#3 0x6381b5d9fc16 content::ZygoteHostImpl::Init()\n#4 0x6381b6ad9b23 content::ContentMainRunnerImpl::Initialize()\n#5 0x6381b6ad7427 content::RunContentProcess()\n#6 0x6381b6ad7606 content::ContentMain()\n#7 0x6381b70c11fa headless::HeadlessShellMain()\n#8 0x6381b31f8255 ChromeMain\n#9 0x74e08ec2a1ca (/usr/lib/x86_64-linux-gnu/libc.so.6+0x2a1c9)\n#10 0x74e08ec2a28b __libc_start_main\n#11 0x6381b31f802a _start\n\n\n\nTROUBLESHOOTING: https://pptr.dev/troubleshooting\n\n    at Interface.onClose (file:///home/cesar/js/etcd/node_modules/@puppeteer/browsers/lib/esm/launch.js:253:24)\n    at Interface.emit (node:events:532:35)\n    at Interface.close (node:internal/readline/interface:527:10)\n    at Socket.onend (node:internal/readline/interface:253:10)\n    at Socket.emit (node:events:532:35)\n    at endReadableNT (node:internal/streams/readable:1696:12)\n    at process.processTicksAndRejections (node:internal/process/task_queues:90:21)\n\n","level":"error","message":"Error generating all diagram formats","timestamp":"2025-12-10 08:54:15"}
{"error":"Failed to generate SVG: Command failed: mmdc -i \"output/flowchart.mmd\" -o \"output/flowchart.svg\"\n\nError: Failed to launch the browser process!\n[1210/085415.420321:FATAL:zygote_host_impl_linux.cc(127)] No usable sandbox! Update your kernel or see https://chromium.googlesource.com/chromium/src/+/main/docs/linux/suid_sandbox_development.md for more information on developing with the SUID sandbox. If you want to live dangerously and need an immediate workaround, you can try using --no-sandbox.\n#0 0x6381b7643f72 base::debug::CollectStackTrace()\n#1 0x6381b76304b3 base::debug::StackTrace::StackTrace()\n#2 0x6381b7582fbf logging::LogMessage::~LogMessage()\n#3 0x6381b5d9fc16 content::ZygoteHostImpl::Init()\n#4 0x6381b6ad9b23 content::ContentMainRunnerImpl::Initialize()\n#5 0x6381b6ad7427 content::RunContentProcess()\n#6 0x6381b6ad7606 content::ContentMain()\n#7 0x6381b70c11fa headless::HeadlessShellMain()\n#8 0x6381b31f8255 ChromeMain\n#9 0x74e08ec2a1ca (/usr/lib/x86_64-linux-gnu/libc.so.6+0x2a1c9)\n#10 0x74e08ec2a28b __libc_start_main\n#11 0x6381b31f802a _start\n\n\n\nTROUBLESHOOTING: https://pptr.dev/troubleshooting\n\n    at Interface.onClose (file:///home/cesar/js/etcd/node_modules/@puppeteer/browsers/lib/esm/launch.js:253:24)\n    at Interface.emit (node:events:532:35)\n    at Interface.close (node:internal/readline/interface:527:10)\n    at Socket.onend (node:internal/readline/interface:253:10)\n    at Socket.emit (node:events:532:35)\n    at endReadableNT (node:internal/streams/readable:1696:12)\n    at process.processTicksAndRejections (node:internal/process/task_queues:90:21)\n\n","exchangeName":"moirai.topic.vpn.delete","level":"error","message":"Error generating flowchart","timestamp":"2025-12-10 08:54:15"}
{"error":"Failed to generate SVG: Command failed: mmdc -i \"output/flowchart.mmd\" -o \"output/flowchart.svg\"\n\nError: Failed to launch the browser process!\n[1210/085415.420321:FATAL:zygote_host_impl_linux.cc(127)] No usable sandbox! Update your kernel or see https://chromium.googlesource.com/chromium/src/+/main/docs/linux/suid_sandbox_development.md for more information on developing with the SUID sandbox. If you want to live dangerously and need an immediate workaround, you can try using --no-sandbox.\n#0 0x6381b7643f72 base::debug::CollectStackTrace()\n#1 0x6381b76304b3 base::debug::StackTrace::StackTrace()\n#2 0x6381b7582fbf logging::LogMessage::~LogMessage()\n#3 0x6381b5d9fc16 content::ZygoteHostImpl::Init()\n#4 0x6381b6ad9b23 content::ContentMainRunnerImpl::Initialize()\n#5 0x6381b6ad7427 content::RunContentProcess()\n#6 0x6381b6ad7606 content::ContentMain()\n#7 0x6381b70c11fa headless::HeadlessShellMain()\n#8 0x6381b31f8255 ChromeMain\n#9 0x74e08ec2a1ca (/usr/lib/x86_64-linux-gnu/libc.so.6+0x2a1c9)\n#10 0x74e08ec2a28b __libc_start_main\n#11 0x6381b31f802a _start\n\n\n\nTROUBLESHOOTING: https://pptr.dev/troubleshooting\n\n    at Interface.onClose (file:///home/cesar/js/etcd/node_modules/@puppeteer/browsers/lib/esm/launch.js:253:24)\n    at Interface.emit (node:events:532:35)\n    at Interface.close (node:internal/readline/interface:527:10)\n    at Socket.onend (node:internal/readline/interface:253:10)\n    at Socket.emit (node:events:532:35)\n    at endReadableNT (node:internal/streams/readable:1696:12)\n    at process.processTicksAndRejections (node:internal/process/task_queues:90:21)\n\n","level":"error","message":"Error occurred","method":"POST","path":"/api/flowchart","stack":"Error: Failed to generate SVG: Command failed: mmdc -i \"output/flowchart.mmd\" -o \"output/flowchart.svg\"\n\nError: Failed to launch the browser process!\n[1210/085415.420321:FATAL:zygote_host_impl_linux.cc(127)] No usable sandbox! Update your kernel or see https://chromium.googlesource.com/chromium/src/+/main/docs/linux/suid_sandbox_development.md for more information on developing with the SUID sandbox. If you want to live dangerously and need an immediate workaround, you can try using --no-sandbox.\n#0 0x6381b7643f72 base::debug::CollectStackTrace()\n#1 0x6381b76304b3 base::debug::StackTrace::StackTrace()\n#2 0x6381b7582fbf logging::LogMessage::~LogMessage()\n#3 0x6381b5d9fc16 content::ZygoteHostImpl::Init()\n#4 0x6381b6ad9b23 content::ContentMainRunnerImpl::Initialize()\n#5 0x6381b6ad7427 content::RunContentProcess()\n#6 0x6381b6ad7606 content::ContentMain()\n#7 0x6381b70c11fa headless::HeadlessShellMain()\n#8 0x6381b31f8255 ChromeMain\n#9 0x74e08ec2a1ca (/usr/lib/x86_64-linux-gnu/libc.so.6+0x2a1c9)\n#10 0x74e08ec2a28b __libc_start_main\n#11 0x6381b31f802a _start\n\n\n\nTROUBLESHOOTING: https://pptr.dev/troubleshooting\n\n    at Interface.onClose (file:///home/cesar/js/etcd/node_modules/@puppeteer/browsers/lib/esm/launch.js:253:24)\n    at Interface.emit (node:events:532:35)\n    at Interface.close (node:internal/readline/interface:527:10)\n    at Socket.onend (node:internal/readline/interface:253:10)\n    at Socket.emit (node:events:532:35)\n    at endReadableNT (node:internal/streams/readable:1696:12)\n    at process.processTicksAndRejections (node:internal/process/task_queues:90:21)\n\n\n    at MermaidFlowchartGenerator._generateImage (/home/cesar/js/etcd/src/generators/MermaidFlowchartGenerator.js:107:13)\n    at process.processTicksAndRejections (node:internal/process/task_queues:105:5)\n    at async MermaidFlowchartGenerator.generateAll (/home/cesar/js/etcd/src/generators/MermaidFlowchartGenerator.js:139:23)\n    at async FlowchartService.generateFlowchart (/home/cesar/js/etcd/src/services/FlowchartService.js:64:30)\n    at async /home/cesar/js/etcd/src/routes/api.js:22:20","timestamp":"2025-12-10 08:54:15"}
{"exchange":"moirai.topic.vpn.delete","filename":"test-flow","level":"info","message":"API request to generate flowchart","timestamp":"2025-12-10 08:54:15"}
{"level":"info","message":"Starting flowchart generation for exchange: moirai.topic.vpn.delete","timestamp":"2025-12-10 08:54:15"}
{"level":"info","message":"Found 105 files in ./json","timestamp":"2025-12-10 08:54:15"}
{"level":"info","message":"Successfully read 105 JSON files","timestamp":"2025-12-10 08:54:15"}
{"level":"info","message":"Searching for exchange: moirai.topic.vpn.delete","timestamp":"2025-12-10 08:54:15"}
{"level":"info","message":"Found 17 matches for exchange: moirai.topic.vpn.delete","timestamp":"2025-12-10 08:54:15"}
{"level":"info","message":"Results saved to: output/test-flow.json","timestamp":"2025-12-10 08:54:15"}
{"level":"info","message":"Mermaid diagram generated: output/test-flow.mmd","timestamp":"2025-12-10 08:54:15"}
{"error":"Command failed: mmdc -i \"output/test-flow.mmd\" -o \"output/test-flow.svg\"\n\nError: Failed to launch the browser process!\n[1210/085415.777727:FATAL:zygote_host_impl_linux.cc(127)] No usable sandbox! Update your kernel or see https://chromium.googlesource.com/chromium/src/+/main/docs/linux/suid_sandbox_development.md for more information on developing with the SUID sandbox. If you want to live dangerously and need an immediate workaround, you can try using --no-sandbox.\n#0 0x6398a2664f72 base::debug::CollectStackTrace()\n#1 0x6398a26514b3 base::debug::StackTrace::StackTrace()\n#2 0x6398a25a3fbf logging::LogMessage::~LogMessage()\n#3 0x6398a0dc0c16 content::ZygoteHostImpl::Init()\n#4 0x6398a1afab23 content::ContentMainRunnerImpl::Initialize()\n#5 0x6398a1af8427 content::RunContentProcess()\n#6 0x6398a1af8606 content::ContentMain()\n#7 0x6398a20e21fa headless::HeadlessShellMain()\n#8 0x63989e219255 ChromeMain\n#9 0x76cba9a2a1ca (/usr/lib/x86_64-linux-gnu/libc.so.6+0x2a1c9)\n#10 0x76cba9a2a28b __libc_start_main\n#11 0x63989e21902a _start\n\n\n\nTROUBLESHOOTING: https://pptr.dev/troubleshooting\n\n    at Interface.onClose (file:///home/cesar/js/etcd/node_modules/@puppeteer/browsers/lib/esm/launch.js:253:24)\n    at Interface.emit (node:events:532:35)\n    at Interface.close (node:internal/readline/interface:527:10)\n    at Socket.onend (node:internal/readline/interface:253:10)\n    at Socket.emit (node:events:532:35)\n    at endReadableNT (node:internal/streams/readable:1696:12)\n    at process.processTicksAndRejections (node:internal/process/task_queues:90:21)\n\n","level":"error","message":"Error generating SVG","timestamp":"2025-12-10 08:54:15"}
{"error":"Failed to generate SVG: Command failed: mmdc -i \"output/test-flow.mmd\" -o \"output/test-flow.svg\"\n\nError: Failed to launch the browser process!\n[1210/085415.777727:FATAL:zygote_host_impl_linux.cc(127)] No usable sandbox! Update your kernel or see https://chromium.googlesource.com/chromium/src/+/main/docs/linux/suid_sandbox_development.md for more information on developing with the SUID sandbox. If you want to live dangerously and need an immediate workaround, you can try using --no-sandbox.\n#0 0x6398a2664f72 base::debug::CollectStackTrace()\n#1 0x6398a26514b3 base::debug::StackTrace::StackTrace()\n#2 0x6398a25a3fbf logging::LogMessage::~LogMessage()\n#3 0x6398a0dc0c16 content::ZygoteHostImpl::Init()\n#4 0x6398a1afab23 content::ContentMainRunnerImpl::Initialize()\n#5 0x6398a1af8427 content::RunContentProcess()\n#6 0x6398a1af8606 content::ContentMain()\n#7 0x6398a20e21fa headless::HeadlessShellMain()\n#8 0x63989e219255 ChromeMain\n#9 0x76cba9a2a1ca (/usr/lib/x86_64-linux-gnu/libc.so.6+0x2a1c9)\n#10 0x76cba9a2a28b __libc_start_main\n#11 0x63989e21902a _start\n\n\n\nTROUBLESHOOTING: https://pptr.dev/troubleshooting\n\n    at Interface.onClose (file:///home/cesar/js/etcd/node_modules/@puppeteer/browsers/lib/esm/launch.js:253:24)\n    at Interface.emit (node:events:532:35)\n    at Interface.close (node:internal/readline/interface:527:10)\n    at Socket.onend (node:internal/readline/interface:253:10)\n    at Socket.emit (node:events:532:35)\n    at endReadableNT (node:internal/streams/readable:1696:12)\n    at process.processTicksAndRejections (node:internal/process/task_queues:90:21)\n\n","level":"error","message":"Error generating all diagram formats","timestamp":"2025-12-10 08:54:15"}
{"error":"Failed to generate SVG: Command failed: mmdc -i \"output/test-flow.mmd\" -o \"output/test-flow.svg\"\n\nError: Failed to launch the browser process!\n[1210/085415.777727:FATAL:zygote_host_impl_linux.cc(127)] No usable sandbox! Update your kernel or see https://chromium.googlesource.com/chromium/src/+/main/docs/linux/suid_sandbox_development.md for more information on developing with the SUID sandbox. If you want to live dangerously and need an immediate workaround, you can try using --no-sandbox.\n#0 0x6398a2664f72 base::debug::CollectStackTrace()\n#1 0x6398a26514b3 base::debug::StackTrace::StackTrace()\n#2 0x6398a25a3fbf logging::LogMessage::~LogMessage()\n#3 0x6398a0dc0c16 content::ZygoteHostImpl::Init()\n#4 0x6398a1afab23 content::ContentMainRunnerImpl::Initialize()\n#5 0x6398a1af8427 content::RunContentProcess()\n#6 0x6398a1af8606 content::ContentMain()\n#7 0x6398a20e21fa headless::HeadlessShellMain()\n#8 0x63989e219255 ChromeMain\n#9 0x76cba9a2a1ca (/usr/lib/x86_64-linux-gnu/libc.so.6+0x2a1c9)\n#10 0x76cba9a2a28b __libc_start_main\n#11 0x63989e21902a _start\n\n\n\nTROUBLESHOOTING: https://pptr.dev/troubleshooting\n\n    at Interface.onClose (file:///home/cesar/js/etcd/node_modules/@puppeteer/browsers/lib/esm/launch.js:253:24)\n    at Interface.emit (node:events:532:35)\n    at Interface.close (node:internal/readline/interface:527:10)\n    at Socket.onend (node:internal/readline/interface:253:10)\n    at Socket.emit (node:events:532:35)\n    at endReadableNT (node:internal/streams/readable:1696:12)\n    at process.processTicksAndRejections (node:internal/process/task_queues:90:21)\n\n","exchangeName":"moirai.topic.vpn.delete","level":"error","message":"Error generating flowchart","timestamp":"2025-12-10 08:54:15"}
{"error":"Failed to generate SVG: Command failed: mmdc -i \"output/test-flow.mmd\" -o \"output/test-flow.svg\"\n\nError: Failed to launch the browser process!\n[1210/085415.777727:FATAL:zygote_host_impl_linux.cc(127)] No usable sandbox! Update your kernel or see https://chromium.googlesource.com/chromium/src/+/main/docs/linux/suid_sandbox_development.md for more information on developing with the SUID sandbox. If you want to live dangerously and need an immediate workaround, you can try using --no-sandbox.\n#0 0x6398a2664f72 base::debug::CollectStackTrace()\n#1 0x6398a26514b3 base::debug::StackTrace::StackTrace()\n#2 0x6398a25a3fbf logging::LogMessage::~LogMessage()\n#3 0x6398a0dc0c16 content::ZygoteHostImpl::Init()\n#4 0x6398a1afab23 content::ContentMainRunnerImpl::Initialize()\n#5 0x6398a1af8427 content::RunContentProcess()\n#6 0x6398a1af8606 content::ContentMain()\n#7 0x6398a20e21fa headless::HeadlessShellMain()\n#8 0x63989e219255 ChromeMain\n#9 0x76cba9a2a1ca (/usr/lib/x86_64-linux-gnu/libc.so.6+0x2a1c9)\n#10 0x76cba9a2a28b __libc_start_main\n#11 0x63989e21902a _start\n\n\n\nTROUBLESHOOTING: https://pptr.dev/troubleshooting\n\n    at Interface.onClose (file:///home/cesar/js/etcd/node_modules/@puppeteer/browsers/lib/esm/launch.js:253:24)\n    at Interface.emit (node:events:532:35)\n    at Interface.close (node:internal/readline/interface:527:10)\n    at Socket.onend (node:internal/readline/interface:253:10)\n    at Socket.emit (node:events:532:35)\n    at endReadableNT (node:internal/streams/readable:1696:12)\n    at process.processTicksAndRejections (node:internal/process/task_queues:90:21)\n\n","level":"error","message":"Error occurred","method":"POST","path":"/api/flowchart","stack":"Error: Failed to generate SVG: Command failed: mmdc -i \"output/test-flow.mmd\" -o \"output/test-flow.svg\"\n\nError: Failed to launch the browser process!\n[1210/085415.777727:FATAL:zygote_host_impl_linux.cc(127)] No usable sandbox! Update your kernel or see https://chromium.googlesource.com/chromium/src/+/main/docs/linux/suid_sandbox_development.md for more information on developing with the SUID sandbox. If you want to live dangerously and need an immediate workaround, you can try using --no-sandbox.\n#0 0x6398a2664f72 base::debug::CollectStackTrace()\n#1 0x6398a26514b3 base::debug::StackTrace::StackTrace()\n#2 0x6398a25a3fbf logging::LogMessage::~LogMessage()\n#3 0x6398a0dc0c16 content::ZygoteHostImpl::Init()\n#4 0x6398a1afab23 content::ContentMainRunnerImpl::Initialize()\n#5 0x6398a1af8427 content::RunContentProcess()\n#6 0x6398a1af8606 content::ContentMain()\n#7 0x6398a20e21fa headless::HeadlessShellMain()\n#8 0x63989e219255 ChromeMain\n#9 0x76cba9a2a1ca (/usr/lib/x86_64-linux-gnu/libc.so.6+0x2a1c9)\n#10 0x76cba9a2a28b __libc_start_main\n#11 0x63989e21902a _start\n\n\n\nTROUBLESHOOTING: https://pptr.dev/troubleshooting\n\n    at Interface.onClose (file:///home/cesar/js/etcd/node_modules/@puppeteer/browsers/lib/esm/launch.js:253:24)\n    at Interface.emit (node:events:532:35)\n    at Interface.close (node:internal/readline/interface:527:10)\n    at Socket.onend (node:internal/readline/interface:253:10)\n    at Socket.emit (node:events:532:35)\n    at endReadableNT (node:internal/streams/readable:1696:12)\n    at process.processTicksAndRejections (node:internal/process/task_queues:90:21)\n\n\n    at MermaidFlowchartGenerator._generateImage (/home/cesar/js/etcd/src/generators/MermaidFlowchartGenerator.js:107:13)\n    at async MermaidFlowchartGenerator.generateAll (/home/cesar/js/etcd/src/generators/MermaidFlowchartGenerator.js:139:23)\n    at async FlowchartService.generateFlowchart (/home/cesar/js/etcd/src/services/FlowchartService.js:64:30)\n    at async /home/cesar/js/etcd/src/routes/api.js:22:20","timestamp":"2025-12-10 08:54:15"}
{"body":{},"errors":[{"field":"exchange","message":"Exchange name is required"}],"level":"warn","message":"Validation error","timestamp":"2025-12-10 08:54:15"}
{"body":{"exchange":"invalid/exchange/name"},"errors":[{"field":"exchange","message":"Exchange name can only contain letters, numbers, dots, underscores, and hyphens"}],"level":"warn","message":"Validation error","timestamp":"2025-12-10 08:54:15"}
{"level":"warn","message":"Route not found","method":"GET","path":"/api/nonexistent","timestamp":"2025-12-10 08:54:15"}
{"exchange":"moirai.topic.vpn.delete","filename":"flowchart","level":"info","message":"API request to generate flowchart","timestamp":"2025-12-10 08:56:43"}
{"level":"info","message":"Starting flowchart generation for exchange: moirai.topic.vpn.delete","timestamp":"2025-12-10 08:56:43"}
{"level":"info","message":"Found 105 files in ./json","timestamp":"2025-12-10 08:56:43"}
{"level":"info","message":"Successfully read 105 JSON files","timestamp":"2025-12-10 08:56:43"}
{"level":"info","message":"Searching for exchange: moirai.topic.vpn.delete","timestamp":"2025-12-10 08:56:43"}
{"level":"info","message":"Found 17 matches for exchange: moirai.topic.vpn.delete","timestamp":"2025-12-10 08:56:43"}
{"level":"info","message":"Results saved to: output/flowchart.json","timestamp":"2025-12-10 08:56:43"}
{"level":"info","message":"Mermaid diagram generated: output/flowchart.mmd","timestamp":"2025-12-10 08:56:43"}
{"level":"info","message":"SVG generated successfully: output/flowchart.svg","timestamp":"2025-12-10 08:56:44"}
{"level":"info","message":"PNG generated successfully: output/flowchart.png","timestamp":"2025-12-10 08:56:46"}
{"files":["json","mmd","svg","png"],"level":"info","message":"Flowchart generation completed for: moirai.topic.vpn.delete","resultsCount":17,"timestamp":"2025-12-10 08:56:46"}
{"exchange":"moirai.topic.vpn.delete","filename":"test-flow","level":"info","message":"API request to generate flowchart","timestamp":"2025-12-10 08:56:46"}
{"level":"info","message":"Starting flowchart generation for exchange: moirai.topic.vpn.delete","timestamp":"2025-12-10 08:56:46"}
{"level":"info","message":"Found 105 files in ./json","timestamp":"2025-12-10 08:56:46"}
{"level":"info","message":"Successfully read 105 JSON files","timestamp":"2025-12-10 08:56:46"}
{"level":"info","message":"Searching for exchange: moirai.topic.vpn.delete","timestamp":"2025-12-10 08:56:46"}
{"level":"info","message":"Found 17 matches for exchange: moirai.topic.vpn.delete","timestamp":"2025-12-10 08:56:46"}
{"level":"info","message":"Results saved to: output/test-flow.json","timestamp":"2025-12-10 08:56:46"}
{"level":"info","message":"Mermaid diagram generated: output/test-flow.mmd","timestamp":"2025-12-10 08:56:46"}
{"level":"info","message":"SVG generated successfully: output/test-flow.svg","timestamp":"2025-12-10 08:56:47"}
{"level":"info","message":"PNG generated successfully: output/test-flow.png","timestamp":"2025-12-10 08:56:49"}
{"files":["json","mmd","svg","png"],"level":"info","message":"Flowchart generation completed for: moirai.topic.vpn.delete","resultsCount":17,"timestamp":"2025-12-10 08:56:49"}
{"body":{},"errors":[{"field":"exchange","message":"Exchange name is required"}],"level":"warn","message":"Validation error","timestamp":"2025-12-10 08:56:49"}
{"body":{"exchange":"invalid/exchange/name"},"errors":[{"field":"exchange","message":"Exchange name can only contain letters, numbers, dots, underscores, and hyphens"}],"level":"warn","message":"Validation error","timestamp":"2025-12-10 08:56:49"}
{"level":"warn","message":"Route not found","method":"GET","path":"/api/nonexistent","timestamp":"2025-12-10 08:56:49"}
{"level":"warn","message":"Route not found","method":"GET","path":"/api/flowchart","timestamp":"2025-12-10 09:02:17"}
{"exchange":"moirai.topic.sdnvpn.create","filename":"sdnvpn-flow","level":"info","message":"API request to generate flowchart","timestamp":"2025-12-10 09:02:22"}
{"level":"info","message":"Starting flowchart generation for exchange: moirai.topic.sdnvpn.create","timestamp":"2025-12-10 09:02:22"}
{"level":"info","message":"Found 105 files in ./json","timestamp":"2025-12-10 09:02:22"}
{"level":"info","message":"Successfully read 105 JSON files","timestamp":"2025-12-10 09:02:22"}
{"level":"info","message":"Searching for exchange: moirai.topic.sdnvpn.create","timestamp":"2025-12-10 09:02:22"}
{"level":"info","message":"Found 16 matches for exchange: moirai.topic.sdnvpn.create","timestamp":"2025-12-10 09:02:22"}
{"level":"info","message":"Results saved to: output/sdnvpn-flow.json","timestamp":"2025-12-10 09:02:22"}
{"level":"info","message":"Mermaid diagram generated: output/sdnvpn-flow.mmd","timestamp":"2025-12-10 09:02:22"}
{"level":"info","message":"SVG generated successfully: output/sdnvpn-flow.svg","timestamp":"2025-12-10 09:02:24"}
{"level":"info","message":"PNG generated successfully: output/sdnvpn-flow.png","timestamp":"2025-12-10 09:02:26"}
{"files":["json","mmd","svg","png"],"level":"info","message":"Flowchart generation completed for: moirai.topic.sdnvpn.create","resultsCount":16,"timestamp":"2025-12-10 09:02:26"}
{"level":"info","message":"SIGINT signal received: closing HTTP server","timestamp":"2025-12-10 09:06:32"}
{"level":"info","message":"Server running in development mode on port 3000","timestamp":"2025-12-10 09:06:33"}
{"level":"info","message":"API endpoint: http://localhost:3000/api/flowchart","timestamp":"2025-12-10 09:06:33"}
{"exchange":"moirai.topic.sdnvpn.create","filename":"sdnvpn-flow","level":"info","message":"API request to generate flowchart","timestamp":"2025-12-10 09:48:24"}
{"level":"info","message":"Starting flowchart generation for exchange: moirai.topic.sdnvpn.create","timestamp":"2025-12-10 09:48:24"}
{"level":"info","message":"Found 105 files in ./json","timestamp":"2025-12-10 09:48:24"}
{"level":"info","message":"Successfully read 105 JSON files","timestamp":"2025-12-10 09:48:24"}
{"level":"info","message":"Searching for exchange: moirai.topic.sdnvpn.create","timestamp":"2025-12-10 09:48:24"}
{"level":"info","message":"Found 16 matches for exchange: moirai.topic.sdnvpn.create","timestamp":"2025-12-10 09:48:24"}
{"level":"info","message":"Results saved to: output/sdnvpn-flow.json","timestamp":"2025-12-10 09:48:24"}
{"level":"info","message":"Mermaid diagram generated: output/sdnvpn-flow.mmd","timestamp":"2025-12-10 09:48:24"}
{"level":"info","message":"SVG generated successfully: output/sdnvpn-flow.svg","timestamp":"2025-12-10 09:48:26"}
{"level":"info","message":"PNG generated successfully: output/sdnvpn-flow.png","timestamp":"2025-12-10 09:48:28"}
{"files":["json","mmd","svg","png"],"level":"info","message":"Flowchart generation completed for: moirai.topic.sdnvpn.create","resultsCount":16,"timestamp":"2025-12-10 09:48:28"}
{"level":"info","message":"SIGINT signal received: closing HTTP server","timestamp":"2025-12-10 10:52:48"}
{"level":"info","message":"Server running in development mode on port 3000","timestamp":"2025-12-10 10:52:48"}
{"level":"info","message":"API endpoint: http://localhost:3000/api/flowchart","timestamp":"2025-12-10 10:52:48"}
{"exchange":"moirai.topic.sdnvpn.create","filename":"sdnvpn-flow","level":"info","message":"API request to generate flowchart","timestamp":"2025-12-10 10:52:53"}
{"level":"info","message":"Starting flowchart generation for exchange: moirai.topic.sdnvpn.create","timestamp":"2025-12-10 10:52:53"}
{"level":"info","message":"Found 105 files in ./json","timestamp":"2025-12-10 10:52:53"}
{"level":"info","message":"Successfully read 105 JSON files","timestamp":"2025-12-10 10:52:53"}
{"level":"info","message":"Searching for exchange: moirai.topic.sdnvpn.create","timestamp":"2025-12-10 10:52:53"}
{"level":"info","message":"Found 16 matches for exchange: moirai.topic.sdnvpn.create","timestamp":"2025-12-10 10:52:53"}
{"level":"info","message":"Results saved to: output/sdnvpn-flow.json","timestamp":"2025-12-10 10:52:53"}
{"level":"info","message":"Mermaid diagram generated: output/sdnvpn-flow.mmd","timestamp":"2025-12-10 10:52:53"}
{"level":"info","message":"SVG generated successfully: output/sdnvpn-flow.svg","timestamp":"2025-12-10 10:52:55"}
{"level":"info","message":"PNG generated successfully: output/sdnvpn-flow.png","timestamp":"2025-12-10 10:52:57"}
{"files":["json","mmd","svg","png"],"level":"info","message":"Flowchart generation completed for: moirai.topic.sdnvpn.create","resultsCount":16,"timestamp":"2025-12-10 10:52:57"}
{"level":"warn","message":"Route not found","method":"GET","path":"/api/exchanges","timestamp":"2025-12-10 11:00:37"}
{"level":"warn","message":"Route not found","method":"GET","path":"/api/exchange","timestamp":"2025-12-10 11:00:41"}
{"level":"info","message":"SIGINT signal received: closing HTTP server","timestamp":"2025-12-10 11:00:44"}
{"level":"info","message":"Server running in development mode on port 3000","timestamp":"2025-12-10 11:00:46"}
{"level":"info","message":"API endpoint: http://localhost:3000/api/flowchart","timestamp":"2025-12-10 11:00:46"}
{"level":"warn","message":"Route not found","method":"GET","path":"/api/exchange","timestamp":"2025-12-10 11:00:47"}
{"level":"info","message":"API request to get exchanges","prefix":"moirai","timestamp":"2025-12-10 11:00:51"}
{"level":"info","message":"Getting exchanges with prefix: moirai","timestamp":"2025-12-10 11:00:51"}
{"level":"info","message":"Extracting all exchanges from JSON files","timestamp":"2025-12-10 11:00:51"}
{"level":"info","message":"Found 161 distinct exchanges","timestamp":"2025-12-10 11:00:51"}
{"level":"info","message":"Found 81 exchanges with prefix 'moirai'","timestamp":"2025-12-10 11:00:51"}
{"level":"info","message":"API request to get exchanges","prefix":"moirai","timestamp":"2025-12-10 11:42:26"}
{"level":"info","message":"Getting exchanges with prefix: moirai","timestamp":"2025-12-10 11:42:26"}
{"level":"info","message":"Extracting all exchanges from JSON files","timestamp":"2025-12-10 11:42:26"}
{"level":"info","message":"Found 161 distinct exchanges","timestamp":"2025-12-10 11:42:26"}
{"level":"info","message":"Found 81 exchanges with prefix 'moirai'","timestamp":"2025-12-10 11:42:26"}
{"body":{"exchange":"moirai.topic.rubrik.managed.volume.delete","filename":"moirai.topic.rubrik.managed.volume.delete"},"errors":[{"field":"filename","message":"Filename can only contain letters, numbers, underscores, and hyphens"}],"level":"warn","message":"Validation error","timestamp":"2025-12-10 11:42:39"}
{"body":{"exchange":"moirai.topic.vpn.create","filename":"moirai.topic.vpn.create"},"errors":[{"field":"filename","message":"Filename can only contain letters, numbers, underscores, and hyphens"}],"level":"warn","message":"Validation error","timestamp":"2025-12-10 11:46:03"}
{"body":{"exchange":"moirai.topic.sdnvpn.create","filename":"moirai.topic.sdnvpn.create"},"errors":[{"field":"filename","message":"Filename can only contain letters, numbers, underscores, and hyphens"}],"level":"warn","message":"Validation error","timestamp":"2025-12-10 11:47:50"}
{"level":"info","message":"API request to get exchanges","prefix":"moirai","timestamp":"2025-12-10 11:48:37"}
{"level":"info","message":"Getting exchanges with prefix: moirai","timestamp":"2025-12-10 11:48:37"}
{"level":"info","message":"Extracting all exchanges from JSON files","timestamp":"2025-12-10 11:48:37"}
{"level":"info","message":"Found 161 distinct exchanges","timestamp":"2025-12-10 11:48:37"}
{"level":"info","message":"Found 81 exchanges with prefix 'moirai'","timestamp":"2025-12-10 11:48:37"}
{"exchange":"moirai.topic.database.delete","filename":"moirai_topic_database_delete","level":"info","message":"API request to generate flowchart","timestamp":"2025-12-10 11:48:39"}
{"level":"info","message":"Starting flowchart generation for exchange: moirai.topic.database.delete","timestamp":"2025-12-10 11:48:39"}
{"level":"info","message":"Found 105 files in ./json","timestamp":"2025-12-10 11:48:39"}
{"level":"info","message":"Successfully read 105 JSON files","timestamp":"2025-12-10 11:48:39"}
{"level":"info","message":"Searching for exchange: moirai.topic.database.delete","timestamp":"2025-12-10 11:48:39"}
{"level":"info","message":"Found 3 matches for exchange: moirai.topic.database.delete","timestamp":"2025-12-10 11:48:39"}
{"level":"info","message":"Results saved to: output/moirai_topic_database_delete.json","timestamp":"2025-12-10 11:48:39"}
{"level":"info","message":"Mermaid diagram generated: output/moirai_topic_database_delete.mmd","timestamp":"2025-12-10 11:48:39"}
{"level":"info","message":"SVG generated successfully: output/moirai_topic_database_delete.svg","timestamp":"2025-12-10 11:48:40"}
{"level":"info","message":"PNG generated successfully: output/moirai_topic_database_delete.png","timestamp":"2025-12-10 11:48:42"}
{"files":["json","mmd","svg","png"],"level":"info","message":"Flowchart generation completed for: moirai.topic.database.delete","resultsCount":3,"timestamp":"2025-12-10 11:48:42"}
{"level":"info","message":"API request to get exchanges","prefix":"moirai","timestamp":"2025-12-10 11:50:21"}
{"level":"info","message":"Getting exchanges with prefix: moirai","timestamp":"2025-12-10 11:50:21"}
{"level":"info","message":"Extracting all exchanges from JSON files","timestamp":"2025-12-10 11:50:21"}
{"level":"info","message":"Found 161 distinct exchanges","timestamp":"2025-12-10 11:50:21"}
{"level":"info","message":"Found 81 exchanges with prefix 'moirai'","timestamp":"2025-12-10 11:50:21"}
{"level":"info","message":"API request to get exchanges","prefix":"moirai","timestamp":"2025-12-10 11:50:32"}
{"level":"info","message":"Getting exchanges with prefix: moirai","timestamp":"2025-12-10 11:50:32"}
{"level":"info","message":"Extracting all exchanges from JSON files","timestamp":"2025-12-10 11:50:32"}
{"level":"info","message":"Found 161 distinct exchanges","timestamp":"2025-12-10 11:50:32"}
{"level":"info","message":"Found 81 exchanges with prefix 'moirai'","timestamp":"2025-12-10 11:50:32"}
{"exchange":"moirai.topic.database.create","filename":"moirai_topic_database_create","level":"info","message":"API request to generate flowchart","timestamp":"2025-12-10 11:50:44"}
{"level":"info","message":"Starting flowchart generation for exchange: moirai.topic.database.create","timestamp":"2025-12-10 11:50:44"}
{"level":"info","message":"Found 105 files in ./json","timestamp":"2025-12-10 11:50:44"}
{"level":"info","message":"Successfully read 105 JSON files","timestamp":"2025-12-10 11:50:44"}
{"level":"info","message":"Searching for exchange: moirai.topic.database.create","timestamp":"2025-12-10 11:50:44"}
{"level":"info","message":"Found 4 matches for exchange: moirai.topic.database.create","timestamp":"2025-12-10 11:50:44"}
{"level":"info","message":"Results saved to: output/moirai_topic_database_create.json","timestamp":"2025-12-10 11:50:44"}
{"level":"info","message":"Mermaid diagram generated: output/moirai_topic_database_create.mmd","timestamp":"2025-12-10 11:50:44"}
{"level":"info","message":"SVG generated successfully: output/moirai_topic_database_create.svg","timestamp":"2025-12-10 11:50:46"}
{"level":"info","message":"PNG generated successfully: output/moirai_topic_database_create.png","timestamp":"2025-12-10 11:50:48"}
{"files":["json","mmd","svg","png"],"level":"info","message":"Flowchart generation completed for: moirai.topic.database.create","resultsCount":4,"timestamp":"2025-12-10 11:50:48"}
{"exchange":"moirai.topic.database.export","filename":"moirai_topic_database_export","level":"info","message":"API request to generate flowchart","timestamp":"2025-12-10 11:51:07"}
{"level":"info","message":"Starting flowchart generation for exchange: moirai.topic.database.export","timestamp":"2025-12-10 11:51:07"}
{"level":"info","message":"Found 105 files in ./json","timestamp":"2025-12-10 11:51:07"}
{"level":"info","message":"Successfully read 105 JSON files","timestamp":"2025-12-10 11:51:07"}
{"level":"info","message":"Searching for exchange: moirai.topic.database.export","timestamp":"2025-12-10 11:51:07"}
{"level":"info","message":"Found 2 matches for exchange: moirai.topic.database.export","timestamp":"2025-12-10 11:51:07"}
{"level":"info","message":"Results saved to: output/moirai_topic_database_export.json","timestamp":"2025-12-10 11:51:07"}
{"level":"info","message":"Mermaid diagram generated: output/moirai_topic_database_export.mmd","timestamp":"2025-12-10 11:51:07"}
{"level":"info","message":"SVG generated successfully: output/moirai_topic_database_export.svg","timestamp":"2025-12-10 11:51:09"}
{"level":"info","message":"PNG generated successfully: output/moirai_topic_database_export.png","timestamp":"2025-12-10 11:51:11"}
{"files":["json","mmd","svg","png"],"level":"info","message":"Flowchart generation completed for: moirai.topic.database.export","resultsCount":2,"timestamp":"2025-12-10 11:51:11"}
{"exchange":"moirai.topic.database.static.rule","filename":"moirai_topic_database_static_rule","level":"info","message":"API request to generate flowchart","timestamp":"2025-12-10 11:51:29"}
{"level":"info","message":"Starting flowchart generation for exchange: moirai.topic.database.static.rule","timestamp":"2025-12-10 11:51:29"}
{"level":"info","message":"Found 105 files in ./json","timestamp":"2025-12-10 11:51:29"}
{"level":"info","message":"Successfully read 105 JSON files","timestamp":"2025-12-10 11:51:29"}
{"level":"info","message":"Searching for exchange: moirai.topic.database.static.rule","timestamp":"2025-12-10 11:51:29"}
{"level":"info","message":"Found 3 matches for exchange: moirai.topic.database.static.rule","timestamp":"2025-12-10 11:51:29"}
{"level":"info","message":"Results saved to: output/moirai_topic_database_static_rule.json","timestamp":"2025-12-10 11:51:29"}
{"level":"info","message":"Mermaid diagram generated: output/moirai_topic_database_static_rule.mmd","timestamp":"2025-12-10 11:51:29"}
{"level":"info","message":"SVG generated successfully: output/moirai_topic_database_static_rule.svg","timestamp":"2025-12-10 11:51:31"}
{"level":"info","message":"PNG generated successfully: output/moirai_topic_database_static_rule.png","timestamp":"2025-12-10 11:51:33"}
{"files":["json","mmd","svg","png"],"level":"info","message":"Flowchart generation completed for: moirai.topic.database.static.rule","resultsCount":3,"timestamp":"2025-12-10 11:51:33"}
{"level":"info","message":"API request to get exchanges","prefix":"moirai","timestamp":"2025-12-10 11:53:05"}
{"level":"info","message":"Getting exchanges with prefix: moirai","timestamp":"2025-12-10 11:53:05"}
{"level":"info","message":"Extracting all exchanges from JSON files","timestamp":"2025-12-10 11:53:05"}
{"level":"info","message":"Found 161 distinct exchanges","timestamp":"2025-12-10 11:53:05"}
{"level":"info","message":"Found 81 exchanges with prefix 'moirai'","timestamp":"2025-12-10 11:53:05"}
{"level":"info","message":"API request to get exchanges","prefix":"moirai","timestamp":"2025-12-10 11:53:08"}
{"level":"info","message":"Getting exchanges with prefix: moirai","timestamp":"2025-12-10 11:53:08"}
{"level":"info","message":"Extracting all exchanges from JSON files","timestamp":"2025-12-10 11:53:08"}
{"level":"info","message":"Found 161 distinct exchanges","timestamp":"2025-12-10 11:53:08"}
{"level":"info","message":"Found 81 exchanges with prefix 'moirai'","timestamp":"2025-12-10 11:53:08"}
{"exchange":"moirai.topic.database.create","filename":"moirai_topic_database_create","level":"info","message":"API request to generate flowchart","timestamp":"2025-12-10 11:53:18"}
{"level":"info","message":"Starting flowchart generation for exchange: moirai.topic.database.create","timestamp":"2025-12-10 11:53:18"}
{"level":"info","message":"Found 105 files in ./json","timestamp":"2025-12-10 11:53:18"}
{"level":"info","message":"Successfully read 105 JSON files","timestamp":"2025-12-10 11:53:18"}
{"level":"info","message":"Searching for exchange: moirai.topic.database.create","timestamp":"2025-12-10 11:53:18"}
{"level":"info","message":"Found 4 matches for exchange: moirai.topic.database.create","timestamp":"2025-12-10 11:53:18"}
{"level":"info","message":"Results saved to: output/moirai_topic_database_create.json","timestamp":"2025-12-10 11:53:18"}
{"level":"info","message":"Mermaid diagram generated: output/moirai_topic_database_create.mmd","timestamp":"2025-12-10 11:53:18"}
{"level":"info","message":"SVG generated successfully: output/moirai_topic_database_create.svg","timestamp":"2025-12-10 11:53:19"}
{"level":"info","message":"PNG generated successfully: output/moirai_topic_database_create.png","timestamp":"2025-12-10 11:53:21"}
{"files":["json","mmd","svg","png"],"level":"info","message":"Flowchart generation completed for: moirai.topic.database.create","resultsCount":4,"timestamp":"2025-12-10 11:53:21"}
{"level":"info","message":"SIGINT signal received: closing HTTP server","timestamp":"2025-12-10 11:53:27"}
{"level":"info","message":"Server running in development mode on port 3000","timestamp":"2025-12-10 11:53:28"}
{"level":"info","message":"API endpoint: http://localhost:3000/api/flowchart","timestamp":"2025-12-10 11:53:28"}
{"exchange":"moirai.topic.harddisk.create","filename":"moirai_topic_harddisk_create","level":"info","message":"API request to generate flowchart","timestamp":"2025-12-10 11:53:32"}
{"level":"info","message":"Starting flowchart generation for exchange: moirai.topic.harddisk.create","timestamp":"2025-12-10 11:53:32"}
{"level":"info","message":"Found 105 files in ./json","timestamp":"2025-12-10 11:53:32"}
{"level":"info","message":"Successfully read 105 JSON files","timestamp":"2025-12-10 11:53:32"}
{"level":"info","message":"Searching for exchange: moirai.topic.harddisk.create","timestamp":"2025-12-10 11:53:32"}
{"level":"info","message":"Found 5 matches for exchange: moirai.topic.harddisk.create","timestamp":"2025-12-10 11:53:32"}
{"level":"info","message":"Results saved to: output/moirai_topic_harddisk_create.json","timestamp":"2025-12-10 11:53:32"}
{"level":"info","message":"Mermaid diagram generated: output/moirai_topic_harddisk_create.mmd","timestamp":"2025-12-10 11:53:32"}
{"level":"info","message":"SVG generated successfully: output/moirai_topic_harddisk_create.svg","timestamp":"2025-12-10 11:53:34"}
{"level":"info","message":"PNG generated successfully: output/moirai_topic_harddisk_create.png","timestamp":"2025-12-10 11:53:36"}
{"files":["json","mmd","svg","png"],"level":"info","message":"Flowchart generation completed for: moirai.topic.harddisk.create","resultsCount":5,"timestamp":"2025-12-10 11:53:36"}
{"level":"info","message":"SIGINT signal received: closing HTTP server","timestamp":"2025-12-10 11:57:35"}
{"level":"info","message":"Server running in development mode on port 3000","timestamp":"2025-12-10 11:57:36"}
{"level":"info","message":"API endpoint: http://localhost:3000/api/flowchart","timestamp":"2025-12-10 11:57:36"}
{"exchange":"moirai.topic.network.delete","filename":"moirai_topic_network_delete","level":"info","message":"API request to generate flowchart","timestamp":"2025-12-10 11:57:43"}
{"level":"info","message":"Starting flowchart generation for exchange: moirai.topic.network.delete","timestamp":"2025-12-10 11:57:43"}
{"level":"info","message":"Found 105 files in ./json","timestamp":"2025-12-10 11:57:43"}
{"level":"info","message":"Successfully read 105 JSON files","timestamp":"2025-12-10 11:57:43"}
{"level":"info","message":"Searching for exchange: moirai.topic.network.delete","timestamp":"2025-12-10 11:57:43"}
{"level":"info","message":"Found 5 matches for exchange: moirai.topic.network.delete","timestamp":"2025-12-10 11:57:43"}
{"level":"info","message":"Results saved to: output/moirai_topic_network_delete.json","timestamp":"2025-12-10 11:57:43"}
{"level":"info","message":"Mermaid diagram generated: output/moirai_topic_network_delete.mmd","timestamp":"2025-12-10 11:57:43"}
{"level":"info","message":"SVG generated successfully: output/moirai_topic_network_delete.svg","timestamp":"2025-12-10 11:57:45"}
{"level":"info","message":"PNG generated successfully: output/moirai_topic_network_delete.png","timestamp":"2025-12-10 11:57:47"}
{"files":["json","mmd","svg","png"],"level":"info","message":"Flowchart generation completed for: moirai.topic.network.delete","resultsCount":5,"timestamp":"2025-12-10 11:57:47"}
{"exchange":"moirai.topic.loadbalance.edit","filename":"moirai_topic_loadbalance_edit","level":"info","message":"API request to generate flowchart","timestamp":"2025-12-10 11:59:37"}
{"level":"info","message":"Starting flowchart generation for exchange: moirai.topic.loadbalance.edit","timestamp":"2025-12-10 11:59:37"}
{"level":"info","message":"Found 105 files in ./json","timestamp":"2025-12-10 11:59:37"}
{"level":"info","message":"Successfully read 105 JSON files","timestamp":"2025-12-10 11:59:37"}
{"level":"info","message":"Searching for exchange: moirai.topic.loadbalance.edit","timestamp":"2025-12-10 11:59:37"}
{"level":"info","message":"Found 17 matches for exchange: moirai.topic.loadbalance.edit","timestamp":"2025-12-10 11:59:37"}
{"level":"info","message":"Results saved to: output/moirai_topic_loadbalance_edit.json","timestamp":"2025-12-10 11:59:37"}
{"level":"info","message":"Mermaid diagram generated: output/moirai_topic_loadbalance_edit.mmd","timestamp":"2025-12-10 11:59:37"}
{"level":"info","message":"SVG generated successfully: output/moirai_topic_loadbalance_edit.svg","timestamp":"2025-12-10 11:59:39"}
{"level":"info","message":"PNG generated successfully: output/moirai_topic_loadbalance_edit.png","timestamp":"2025-12-10 11:59:43"}
{"files":["json","mmd","svg","png"],"level":"info","message":"Flowchart generation completed for: moirai.topic.loadbalance.edit","resultsCount":17,"timestamp":"2025-12-10 11:59:43"}
{"exchange":"moirai.topic.database.share","filename":"moirai_topic_database_share","level":"info","message":"API request to generate flowchart","timestamp":"2025-12-10 12:00:44"}
{"level":"info","message":"Starting flowchart generation for exchange: moirai.topic.database.share","timestamp":"2025-12-10 12:00:44"}
{"level":"info","message":"Found 105 files in ./json","timestamp":"2025-12-10 12:00:44"}
{"level":"info","message":"Successfully read 105 JSON files","timestamp":"2025-12-10 12:00:44"}
{"level":"info","message":"Searching for exchange: moirai.topic.database.share","timestamp":"2025-12-10 12:00:44"}
{"level":"info","message":"Found 2 matches for exchange: moirai.topic.database.share","timestamp":"2025-12-10 12:00:44"}
{"level":"info","message":"Results saved to: output/moirai_topic_database_share.json","timestamp":"2025-12-10 12:00:44"}
{"level":"info","message":"Mermaid diagram generated: output/moirai_topic_database_share.mmd","timestamp":"2025-12-10 12:00:44"}
{"level":"info","message":"SVG generated successfully: output/moirai_topic_database_share.svg","timestamp":"2025-12-10 12:00:45"}
{"level":"info","message":"PNG generated successfully: output/moirai_topic_database_share.png","timestamp":"2025-12-10 12:00:47"}
{"files":["json","mmd","svg","png"],"level":"info","message":"Flowchart generation completed for: moirai.topic.database.share","resultsCount":2,"timestamp":"2025-12-10 12:00:47"}
{"level":"info","message":"SIGINT signal received: closing HTTP server","timestamp":"2025-12-10 12:01:56"}
{"level":"info","message":"Server running in development mode on port 3000","timestamp":"2025-12-10 12:01:57"}
{"level":"info","message":"API endpoint: http://localhost:3000/api/flowchart","timestamp":"2025-12-10 12:01:57"}
{"exchange":"moirai.topic.virtualmachine.delete","filename":"moirai_topic_virtualmachine_delete","level":"info","message":"API request to generate flowchart","timestamp":"2025-12-10 12:02:36"}
{"level":"info","message":"Starting flowchart generation for exchange: moirai.topic.virtualmachine.delete","timestamp":"2025-12-10 12:02:36"}
{"level":"info","message":"Found 105 files in ./json","timestamp":"2025-12-10 12:02:36"}
{"level":"info","message":"Successfully read 105 JSON files","timestamp":"2025-12-10 12:02:36"}
{"level":"info","message":"Searching for exchange: moirai.topic.virtualmachine.delete","timestamp":"2025-12-10 12:02:36"}
{"level":"info","message":"Found 8 matches for exchange: moirai.topic.virtualmachine.delete","timestamp":"2025-12-10 12:02:36"}
{"level":"info","message":"Results saved to: output/moirai_topic_virtualmachine_delete.json","timestamp":"2025-12-10 12:02:36"}
{"level":"info","message":"Mermaid diagram generated: output/moirai_topic_virtualmachine_delete.mmd","timestamp":"2025-12-10 12:02:36"}
{"level":"info","message":"SVG generated successfully: output/moirai_topic_virtualmachine_delete.svg","timestamp":"2025-12-10 12:02:37"}
{"level":"info","message":"PNG generated successfully: output/moirai_topic_virtualmachine_delete.png","timestamp":"2025-12-10 12:02:41"}
{"files":["json","mmd","svg","png"],"level":"info","message":"Flowchart generation completed for: moirai.topic.virtualmachine.delete","resultsCount":8,"timestamp":"2025-12-10 12:02:41"}
{"level":"info","message":"SIGINT signal received: closing HTTP server","timestamp":"2025-12-10 13:46:27"}
{"level":"info","message":"Server running in production mode on port 3000","timestamp":"2025-12-10 16:52:27"}
{"level":"info","message":"API endpoint: http://localhost:3000/api/flowchart","timestamp":"2025-12-10 16:52:27"}
{"level":"info","message":"::1 - - [10/Dec/2025:16:52:32 +0000] \"HEAD /api/health HTTP/1.1\" 200 82 \"-\" \"Wget/1.25.0\"","timestamp":"2025-12-10 16:52:32"}
{"level":"info","message":"::1 - - [10/Dec/2025:16:53:02 +0000] \"HEAD /api/health HTTP/1.1\" 200 82 \"-\" \"Wget/1.25.0\"","timestamp":"2025-12-10 16:53:02"}
{"level":"info","message":"API request to get exchanges","prefix":"moirai","timestamp":"2025-12-10 16:53:07"}
{"level":"info","message":"Getting exchanges with prefix: moirai","timestamp":"2025-12-10 16:53:07"}
{"level":"info","message":"Extracting all exchanges from JSON files","timestamp":"2025-12-10 16:53:07"}
{"level":"info","message":"Found 161 distinct exchanges","timestamp":"2025-12-10 16:53:07"}
{"level":"info","message":"Found 81 exchanges with prefix 'moirai'","timestamp":"2025-12-10 16:53:07"}
{"level":"info","message":"::ffff:172.20.0.1 - - [10/Dec/2025:16:53:07 +0000] \"GET /api/exchanges HTTP/1.1\" 304 - \"http://localhost:9200/\" \"Mozilla/5.0 (X11; Linux x86_64) AppleWebKit/537.36 (KHTML, like Gecko) Chrome/143.0.0.0 Safari/537.36\"","timestamp":"2025-12-10 16:53:07"}
{"exchange":"moirai.topic.nat.delete","filename":"moirai_topic_nat_delete","level":"info","message":"API request to generate flowchart","timestamp":"2025-12-10 16:53:27"}
{"level":"info","message":"Starting flowchart generation for exchange: moirai.topic.nat.delete","timestamp":"2025-12-10 16:53:27"}
{"level":"info","message":"Found 105 files in /app/json","timestamp":"2025-12-10 16:53:27"}
{"level":"info","message":"Successfully read 105 JSON files","timestamp":"2025-12-10 16:53:27"}
{"level":"info","message":"Searching for exchange: moirai.topic.nat.delete","timestamp":"2025-12-10 16:53:27"}
{"level":"info","message":"Found 12 matches for exchange: moirai.topic.nat.delete","timestamp":"2025-12-10 16:53:27"}
{"level":"info","message":"Results saved to: /app/output/moirai_topic_nat_delete.json","timestamp":"2025-12-10 16:53:27"}
{"level":"info","message":"Mermaid diagram generated: /app/output/moirai_topic_nat_delete.mmd","timestamp":"2025-12-10 16:53:27"}
{"error":"Command failed: mmdc -i \"/app/output/moirai_topic_nat_delete.mmd\" -o \"/app/output/moirai_topic_nat_delete.svg\" --width 2400 --height 1600\n/bin/sh: mmdc: not found\n","level":"error","message":"Error generating SVG","timestamp":"2025-12-10 16:53:27"}
{"error":"Failed to generate SVG: Command failed: mmdc -i \"/app/output/moirai_topic_nat_delete.mmd\" -o \"/app/output/moirai_topic_nat_delete.svg\" --width 2400 --height 1600\n/bin/sh: mmdc: not found\n","level":"error","message":"Error generating all diagram formats","timestamp":"2025-12-10 16:53:27"}
{"error":"Failed to generate SVG: Command failed: mmdc -i \"/app/output/moirai_topic_nat_delete.mmd\" -o \"/app/output/moirai_topic_nat_delete.svg\" --width 2400 --height 1600\n/bin/sh: mmdc: not found\n","exchangeName":"moirai.topic.nat.delete","level":"error","message":"Error generating flowchart","timestamp":"2025-12-10 16:53:27"}
{"error":"Failed to generate SVG: Command failed: mmdc -i \"/app/output/moirai_topic_nat_delete.mmd\" -o \"/app/output/moirai_topic_nat_delete.svg\" --width 2400 --height 1600\n/bin/sh: mmdc: not found\n","level":"error","message":"Error occurred","method":"POST","path":"/api/flowchart","stack":"Error: Failed to generate SVG: Command failed: mmdc -i \"/app/output/moirai_topic_nat_delete.mmd\" -o \"/app/output/moirai_topic_nat_delete.svg\" --width 2400 --height 1600\n/bin/sh: mmdc: not found\n\n    at MermaidFlowchartGenerator._generateImage (/app/src/generators/MermaidFlowchartGenerator.js:131:13)\n    at async MermaidFlowchartGenerator.generateAll (/app/src/generators/MermaidFlowchartGenerator.js:163:23)\n    at async FlowchartService.generateFlowchart (/app/src/services/FlowchartService.js:64:30)\n    at async /app/src/routes/api.js:29:20","timestamp":"2025-12-10 16:53:27"}
{"level":"info","message":"::ffff:172.20.0.1 - - [10/Dec/2025:16:53:27 +0000] \"POST /api/flowchart HTTP/1.1\" 500 221 \"http://localhost:9200/\" \"Mozilla/5.0 (X11; Linux x86_64) AppleWebKit/537.36 (KHTML, like Gecko) Chrome/143.0.0.0 Safari/537.36\"","timestamp":"2025-12-10 16:53:27"}
{"level":"info","message":"::1 - - [10/Dec/2025:16:53:32 +0000] \"HEAD /api/health HTTP/1.1\" 200 82 \"-\" \"Wget/1.25.0\"","timestamp":"2025-12-10 16:53:32"}
{"exchange":"moirai.topic.exportfiles.create","filename":"moirai_topic_exportfiles_create","level":"info","message":"API request to generate flowchart","timestamp":"2025-12-10 16:53:40"}
{"level":"info","message":"Starting flowchart generation for exchange: moirai.topic.exportfiles.create","timestamp":"2025-12-10 16:53:40"}
{"level":"info","message":"Found 105 files in /app/json","timestamp":"2025-12-10 16:53:40"}
{"level":"info","message":"Successfully read 105 JSON files","timestamp":"2025-12-10 16:53:40"}
{"level":"info","message":"Searching for exchange: moirai.topic.exportfiles.create","timestamp":"2025-12-10 16:53:40"}
{"level":"info","message":"Found 2 matches for exchange: moirai.topic.exportfiles.create","timestamp":"2025-12-10 16:53:40"}
{"level":"info","message":"Results saved to: /app/output/moirai_topic_exportfiles_create.json","timestamp":"2025-12-10 16:53:40"}
{"level":"info","message":"Mermaid diagram generated: /app/output/moirai_topic_exportfiles_create.mmd","timestamp":"2025-12-10 16:53:40"}
{"error":"Command failed: mmdc -i \"/app/output/moirai_topic_exportfiles_create.mmd\" -o \"/app/output/moirai_topic_exportfiles_create.svg\" --width 2400 --height 1600\n/bin/sh: mmdc: not found\n","level":"error","message":"Error generating SVG","timestamp":"2025-12-10 16:53:40"}
{"error":"Failed to generate SVG: Command failed: mmdc -i \"/app/output/moirai_topic_exportfiles_create.mmd\" -o \"/app/output/moirai_topic_exportfiles_create.svg\" --width 2400 --height 1600\n/bin/sh: mmdc: not found\n","level":"error","message":"Error generating all diagram formats","timestamp":"2025-12-10 16:53:40"}
{"error":"Failed to generate SVG: Command failed: mmdc -i \"/app/output/moirai_topic_exportfiles_create.mmd\" -o \"/app/output/moirai_topic_exportfiles_create.svg\" --width 2400 --height 1600\n/bin/sh: mmdc: not found\n","exchangeName":"moirai.topic.exportfiles.create","level":"error","message":"Error generating flowchart","timestamp":"2025-12-10 16:53:40"}
{"error":"Failed to generate SVG: Command failed: mmdc -i \"/app/output/moirai_topic_exportfiles_create.mmd\" -o \"/app/output/moirai_topic_exportfiles_create.svg\" --width 2400 --height 1600\n/bin/sh: mmdc: not found\n","level":"error","message":"Error occurred","method":"POST","path":"/api/flowchart","stack":"Error: Failed to generate SVG: Command failed: mmdc -i \"/app/output/moirai_topic_exportfiles_create.mmd\" -o \"/app/output/moirai_topic_exportfiles_create.svg\" --width 2400 --height 1600\n/bin/sh: mmdc: not found\n\n    at MermaidFlowchartGenerator._generateImage (/app/src/generators/MermaidFlowchartGenerator.js:131:13)\n    at async MermaidFlowchartGenerator.generateAll (/app/src/generators/MermaidFlowchartGenerator.js:163:23)\n    at async FlowchartService.generateFlowchart (/app/src/services/FlowchartService.js:64:30)\n    at async /app/src/routes/api.js:29:20","timestamp":"2025-12-10 16:53:40"}
{"level":"info","message":"::ffff:172.20.0.1 - - [10/Dec/2025:16:53:40 +0000] \"POST /api/flowchart HTTP/1.1\" 500 237 \"http://localhost:9200/\" \"Mozilla/5.0 (X11; Linux x86_64) AppleWebKit/537.36 (KHTML, like Gecko) Chrome/143.0.0.0 Safari/537.36\"","timestamp":"2025-12-10 16:53:40"}
{"level":"info","message":"::1 - - [10/Dec/2025:16:54:02 +0000] \"HEAD /api/health HTTP/1.1\" 200 82 \"-\" \"Wget/1.25.0\"","timestamp":"2025-12-10 16:54:02"}
{"level":"info","message":"::1 - - [10/Dec/2025:16:54:32 +0000] \"HEAD /api/health HTTP/1.1\" 200 82 \"-\" \"Wget/1.25.0\"","timestamp":"2025-12-10 16:54:32"}
{"level":"info","message":"::1 - - [10/Dec/2025:16:55:02 +0000] \"HEAD /api/health HTTP/1.1\" 200 82 \"-\" \"Wget/1.25.0\"","timestamp":"2025-12-10 16:55:02"}
{"level":"info","message":"::1 - - [10/Dec/2025:16:55:32 +0000] \"HEAD /api/health HTTP/1.1\" 200 82 \"-\" \"Wget/1.25.0\"","timestamp":"2025-12-10 16:55:32"}
{"level":"info","message":"::1 - - [10/Dec/2025:16:56:02 +0000] \"HEAD /api/health HTTP/1.1\" 200 82 \"-\" \"Wget/1.25.0\"","timestamp":"2025-12-10 16:56:02"}
{"level":"info","message":"::1 - - [10/Dec/2025:16:56:32 +0000] \"HEAD /api/health HTTP/1.1\" 200 82 \"-\" \"Wget/1.25.0\"","timestamp":"2025-12-10 16:56:32"}
{"level":"info","message":"::1 - - [10/Dec/2025:16:57:02 +0000] \"HEAD /api/health HTTP/1.1\" 200 82 \"-\" \"Wget/1.25.0\"","timestamp":"2025-12-10 16:57:02"}
{"level":"info","message":"::1 - - [10/Dec/2025:16:57:32 +0000] \"HEAD /api/health HTTP/1.1\" 200 82 \"-\" \"Wget/1.25.0\"","timestamp":"2025-12-10 16:57:32"}
{"level":"info","message":"::1 - - [10/Dec/2025:16:58:03 +0000] \"HEAD /api/health HTTP/1.1\" 200 82 \"-\" \"Wget/1.25.0\"","timestamp":"2025-12-10 16:58:03"}
{"level":"info","message":"Server running in production mode on port 3000","timestamp":"2025-12-10 17:00:37"}
{"level":"info","message":"API endpoint: http://localhost:3000/api/flowchart","timestamp":"2025-12-10 17:00:37"}
{"level":"info","message":"::1 - - [10/Dec/2025:17:00:42 +0000] \"HEAD /api/health HTTP/1.1\" 200 82 \"-\" \"Wget/1.25.0\"","timestamp":"2025-12-10 17:00:42"}
{"level":"info","message":"::1 - - [10/Dec/2025:17:01:12 +0000] \"HEAD /api/health HTTP/1.1\" 200 82 \"-\" \"Wget/1.25.0\"","timestamp":"2025-12-10 17:01:12"}
{"level":"info","message":"API request to get exchanges","prefix":"moirai","timestamp":"2025-12-10 17:01:15"}
{"level":"info","message":"Getting exchanges with prefix: moirai","timestamp":"2025-12-10 17:01:15"}
{"level":"info","message":"Extracting all exchanges from JSON files","timestamp":"2025-12-10 17:01:15"}
{"level":"info","message":"Found 161 distinct exchanges","timestamp":"2025-12-10 17:01:15"}
{"level":"info","message":"Found 81 exchanges with prefix 'moirai'","timestamp":"2025-12-10 17:01:15"}
{"level":"info","message":"::ffff:172.20.0.1 - - [10/Dec/2025:17:01:15 +0000] \"GET /api/exchanges HTTP/1.1\" 304 - \"http://localhost:9200/\" \"Mozilla/5.0 (X11; Linux x86_64) AppleWebKit/537.36 (KHTML, like Gecko) Chrome/143.0.0.0 Safari/537.36\"","timestamp":"2025-12-10 17:01:15"}
{"exchange":"moirai.topic.harddisk.delete","filename":"moirai_topic_harddisk_delete","level":"info","message":"API request to generate flowchart","timestamp":"2025-12-10 17:01:18"}
{"level":"info","message":"Starting flowchart generation for exchange: moirai.topic.harddisk.delete","timestamp":"2025-12-10 17:01:18"}
{"level":"info","message":"Found 105 files in /app/json","timestamp":"2025-12-10 17:01:18"}
{"level":"info","message":"Successfully read 105 JSON files","timestamp":"2025-12-10 17:01:18"}
{"level":"info","message":"Searching for exchange: moirai.topic.harddisk.delete","timestamp":"2025-12-10 17:01:18"}
{"level":"info","message":"Found 2 matches for exchange: moirai.topic.harddisk.delete","timestamp":"2025-12-10 17:01:18"}
{"level":"info","message":"Results saved to: /app/output/moirai_topic_harddisk_delete.json","timestamp":"2025-12-10 17:01:18"}
{"level":"info","message":"Mermaid diagram generated: /app/output/moirai_topic_harddisk_delete.mmd","timestamp":"2025-12-10 17:01:18"}
{"error":"Command failed: mmdc -i \"/app/output/moirai_topic_harddisk_delete.mmd\" -o \"/app/output/moirai_topic_harddisk_delete.svg\" --width 2400 --height 1600\n\nError: Failed to launch the browser process!\n[64:64:1210/170118.489508:ERROR:content/browser/zygote_host/zygote_host_impl_linux.cc:101] Running as root without --no-sandbox is not supported. See https://crbug.com/638180.\n\n\nTROUBLESHOOTING: https://pptr.dev/troubleshooting\n\n    at Interface.onClose (file:///usr/local/lib/node_modules/@mermaid-js/mermaid-cli/node_modules/@puppeteer/browsers/lib/esm/launch.js:303:24)\n    at Interface.emit (node:events:531:35)\n    at Interface.close (node:internal/readline/interface:530:10)\n    at Socket.onend (node:internal/readline/interface:260:10)\n    at Socket.emit (node:events:531:35)\n    at endReadableNT (node:internal/streams/readable:1698:12)\n    at process.processTicksAndRejections (node:internal/process/task_queues:90:21)\n\n","level":"error","message":"Error generating SVG","timestamp":"2025-12-10 17:01:18"}
{"error":"Failed to generate SVG: Command failed: mmdc -i \"/app/output/moirai_topic_harddisk_delete.mmd\" -o \"/app/output/moirai_topic_harddisk_delete.svg\" --width 2400 --height 1600\n\nError: Failed to launch the browser process!\n[64:64:1210/170118.489508:ERROR:content/browser/zygote_host/zygote_host_impl_linux.cc:101] Running as root without --no-sandbox is not supported. See https://crbug.com/638180.\n\n\nTROUBLESHOOTING: https://pptr.dev/troubleshooting\n\n    at Interface.onClose (file:///usr/local/lib/node_modules/@mermaid-js/mermaid-cli/node_modules/@puppeteer/browsers/lib/esm/launch.js:303:24)\n    at Interface.emit (node:events:531:35)\n    at Interface.close (node:internal/readline/interface:530:10)\n    at Socket.onend (node:internal/readline/interface:260:10)\n    at Socket.emit (node:events:531:35)\n    at endReadableNT (node:internal/streams/readable:1698:12)\n    at process.processTicksAndRejections (node:internal/process/task_queues:90:21)\n\n","level":"error","message":"Error generating all diagram formats","timestamp":"2025-12-10 17:01:18"}
{"error":"Failed to generate SVG: Command failed: mmdc -i \"/app/output/moirai_topic_harddisk_delete.mmd\" -o \"/app/output/moirai_topic_harddisk_delete.svg\" --width 2400 --height 1600\n\nError: Failed to launch the browser process!\n[64:64:1210/170118.489508:ERROR:content/browser/zygote_host/zygote_host_impl_linux.cc:101] Running as root without --no-sandbox is not supported. See https://crbug.com/638180.\n\n\nTROUBLESHOOTING: https://pptr.dev/troubleshooting\n\n    at Interface.onClose (file:///usr/local/lib/node_modules/@mermaid-js/mermaid-cli/node_modules/@puppeteer/browsers/lib/esm/launch.js:303:24)\n    at Interface.emit (node:events:531:35)\n    at Interface.close (node:internal/readline/interface:530:10)\n    at Socket.onend (node:internal/readline/interface:260:10)\n    at Socket.emit (node:events:531:35)\n    at endReadableNT (node:internal/streams/readable:1698:12)\n    at process.processTicksAndRejections (node:internal/process/task_queues:90:21)\n\n","exchangeName":"moirai.topic.harddisk.delete","level":"error","message":"Error generating flowchart","timestamp":"2025-12-10 17:01:18"}
{"error":"Failed to generate SVG: Command failed: mmdc -i \"/app/output/moirai_topic_harddisk_delete.mmd\" -o \"/app/output/moirai_topic_harddisk_delete.svg\" --width 2400 --height 1600\n\nError: Failed to launch the browser process!\n[64:64:1210/170118.489508:ERROR:content/browser/zygote_host/zygote_host_impl_linux.cc:101] Running as root without --no-sandbox is not supported. See https://crbug.com/638180.\n\n\nTROUBLESHOOTING: https://pptr.dev/troubleshooting\n\n    at Interface.onClose (file:///usr/local/lib/node_modules/@mermaid-js/mermaid-cli/node_modules/@puppeteer/browsers/lib/esm/launch.js:303:24)\n    at Interface.emit (node:events:531:35)\n    at Interface.close (node:internal/readline/interface:530:10)\n    at Socket.onend (node:internal/readline/interface:260:10)\n    at Socket.emit (node:events:531:35)\n    at endReadableNT (node:internal/streams/readable:1698:12)\n    at process.processTicksAndRejections (node:internal/process/task_queues:90:21)\n\n","level":"error","message":"Error occurred","method":"POST","path":"/api/flowchart","stack":"Error: Failed to generate SVG: Command failed: mmdc -i \"/app/output/moirai_topic_harddisk_delete.mmd\" -o \"/app/output/moirai_topic_harddisk_delete.svg\" --width 2400 --height 1600\n\nError: Failed to launch the browser process!\n[64:64:1210/170118.489508:ERROR:content/browser/zygote_host/zygote_host_impl_linux.cc:101] Running as root without --no-sandbox is not supported. See https://crbug.com/638180.\n\n\nTROUBLESHOOTING: https://pptr.dev/troubleshooting\n\n    at Interface.onClose (file:///usr/local/lib/node_modules/@mermaid-js/mermaid-cli/node_modules/@puppeteer/browsers/lib/esm/launch.js:303:24)\n    at Interface.emit (node:events:531:35)\n    at Interface.close (node:internal/readline/interface:530:10)\n    at Socket.onend (node:internal/readline/interface:260:10)\n    at Socket.emit (node:events:531:35)\n    at endReadableNT (node:internal/streams/readable:1698:12)\n    at process.processTicksAndRejections (node:internal/process/task_queues:90:21)\n\n\n    at MermaidFlowchartGenerator._generateImage (/app/src/generators/MermaidFlowchartGenerator.js:131:13)\n    at process.processTicksAndRejections (node:internal/process/task_queues:105:5)\n    at async MermaidFlowchartGenerator.generateAll (/app/src/generators/MermaidFlowchartGenerator.js:163:23)\n    at async FlowchartService.generateFlowchart (/app/src/services/FlowchartService.js:64:30)\n    at async /app/src/routes/api.js:29:20","timestamp":"2025-12-10 17:01:18"}
{"level":"info","message":"::ffff:172.20.0.1 - - [10/Dec/2025:17:01:18 +0000] \"POST /api/flowchart HTTP/1.1\" 500 995 \"http://localhost:9200/\" \"Mozilla/5.0 (X11; Linux x86_64) AppleWebKit/537.36 (KHTML, like Gecko) Chrome/143.0.0.0 Safari/537.36\"","timestamp":"2025-12-10 17:01:18"}
{"level":"info","message":"::1 - - [10/Dec/2025:17:01:42 +0000] \"HEAD /api/health HTTP/1.1\" 200 82 \"-\" \"Wget/1.25.0\"","timestamp":"2025-12-10 17:01:42"}
